<?xml version="1.0" encoding="UTF-8"?>
<coverage generated="1546737140">
  <project timestamp="1546737140">
    <package name="App\Model">
      <file name="C:\xampp\htdocs\tdd_project\src\model/AnoBissexto.php">
        <class name="App\Model\AnoBissexto" namespace="App\Model">
          <metrics complexity="4" methods="1" coveredmethods="1" conditionals="0" coveredconditionals="0" statements="3" coveredstatements="3" elements="4" coveredelements="4"/>
        </class>
        <line num="7" type="method" name="ehBissexto" visibility="public" complexity="4" crap="4" count="1"/>
        <line num="9" type="stmt" count="1"/>
        <line num="10" type="stmt" count="1"/>
        <line num="12" type="stmt" count="1"/>
        <metrics loc="16" ncloc="16" classes="1" methods="1" coveredmethods="1" conditionals="0" coveredconditionals="0" statements="3" coveredstatements="3" elements="4" coveredelements="4"/>
      </file>
      <file name="C:\xampp\htdocs\tdd_project\src\model/Avaliador.php">
        <class name="App\Model\Avaliador" namespace="App\Model">
          <metrics complexity="15" methods="6" coveredmethods="6" conditionals="0" coveredconditionals="0" statements="21" coveredstatements="21" elements="27" coveredelements="27"/>
        </class>
        <line num="15" type="method" name="avalia" visibility="public" complexity="6" crap="6" count="7"/>
        <line num="17" type="stmt" count="7"/>
        <line num="18" type="stmt" count="1"/>
        <line num="21" type="stmt" count="6"/>
        <line num="22" type="stmt" count="6"/>
        <line num="23" type="stmt" count="6"/>
        <line num="24" type="stmt" count="6"/>
        <line num="26" type="stmt" count="6"/>
        <line num="27" type="stmt" count="6"/>
        <line num="29" type="stmt" count="6"/>
        <line num="31" type="stmt" count="6"/>
        <line num="32" type="stmt" count="6"/>
        <line num="33" type="stmt" count="6"/>
        <line num="35" type="method" name="pegaOsTresMaiores" visibility="public" complexity="5" crap="5" count="6"/>
        <line num="37" type="stmt" count="6"/>
        <line num="40" type="stmt" count="5"/>
        <line num="41" type="stmt" count="6"/>
        <line num="42" type="stmt" count="6"/>
        <line num="43" type="stmt" count="6"/>
        <line num="45" type="method" name="getMaiores" visibility="public" complexity="1" crap="1" count="2"/>
        <line num="47" type="stmt" count="2"/>
        <line num="50" type="method" name="getValorMedio" visibility="public" complexity="1" crap="1" count="1"/>
        <line num="52" type="stmt" count="1"/>
        <line num="55" type="method" name="getMaiorLance" visibility="public" complexity="1" crap="1" count="4"/>
        <line num="57" type="stmt" count="4"/>
        <line num="60" type="method" name="getMenorLance" visibility="public" complexity="1" crap="1" count="4"/>
        <line num="62" type="stmt" count="4"/>
        <metrics loc="65" ncloc="65" classes="1" methods="6" coveredmethods="6" conditionals="0" coveredconditionals="0" statements="21" coveredstatements="21" elements="27" coveredelements="27"/>
      </file>
      <file name="C:\xampp\htdocs\tdd_project\src\model/ConstrutorDeLeilao.php">
        <class name="App\Model\ConstrutorDeLeilao" namespace="App\Model">
          <metrics complexity="5" methods="5" coveredmethods="5" conditionals="0" coveredconditionals="0" statements="8" coveredstatements="8" elements="13" coveredelements="13"/>
        </class>
        <line num="9" type="method" name="para" visibility="public" complexity="1" crap="1" count="14"/>
        <line num="11" type="stmt" count="14"/>
        <line num="12" type="stmt" count="14"/>
        <line num="15" type="method" name="lance" visibility="public" complexity="1" crap="1" count="11"/>
        <line num="17" type="stmt" count="11"/>
        <line num="18" type="stmt" count="11"/>
        <line num="21" type="method" name="dobraLance" visibility="public" complexity="1" crap="1" count="2"/>
        <line num="23" type="stmt" count="2"/>
        <line num="24" type="stmt" count="2"/>
        <line num="27" type="method" name="constroi" visibility="public" complexity="1" crap="1" count="13"/>
        <line num="29" type="stmt" count="13"/>
        <line num="32" type="method" name="getLances" visibility="public" complexity="1" crap="1" count="6"/>
        <line num="34" type="stmt" count="6"/>
        <metrics loc="37" ncloc="37" classes="1" methods="5" coveredmethods="5" conditionals="0" coveredconditionals="0" statements="8" coveredstatements="8" elements="13" coveredelements="13"/>
      </file>
      <file name="C:\xampp\htdocs\tdd_project\src\model/Lance.php">
        <class name="App\Model\Lance" namespace="App\Model">
          <metrics complexity="5" methods="4" coveredmethods="3" conditionals="0" coveredconditionals="0" statements="9" coveredstatements="7" elements="13" coveredelements="10"/>
        </class>
        <line num="11" type="method" name="__construct" complexity="2" crap="2" count="12"/>
        <line num="13" type="stmt" count="12"/>
        <line num="14" type="stmt" count="1"/>
        <line num="17" type="stmt" count="11"/>
        <line num="18" type="stmt" count="11"/>
        <line num="19" type="stmt" count="11"/>
        <line num="21" type="method" name="getUsuario" visibility="public" complexity="1" crap="1" count="9"/>
        <line num="23" type="stmt" count="9"/>
        <line num="26" type="method" name="getValor" visibility="public" complexity="1" crap="1" count="9"/>
        <line num="28" type="stmt" count="9"/>
        <line num="31" type="method" name="setValor" visibility="public" complexity="1" crap="2.00" count="0"/>
        <line num="33" type="stmt" count="0"/>
        <line num="34" type="stmt" count="0"/>
        <metrics loc="35" ncloc="35" classes="1" methods="4" coveredmethods="3" conditionals="0" coveredconditionals="0" statements="9" coveredstatements="7" elements="13" coveredelements="10"/>
      </file>
      <file name="C:\xampp\htdocs\tdd_project\src\model/Leilao.php">
        <class name="App\Model\Leilao" namespace="App\Model">
          <metrics complexity="19" methods="10" coveredmethods="9" conditionals="0" coveredconditionals="0" statements="29" coveredstatements="28" elements="39" coveredelements="37"/>
        </class>
        <line num="11" type="method" name="__construct" complexity="1" crap="1" count="14"/>
        <line num="13" type="stmt" count="14"/>
        <line num="14" type="stmt" count="14"/>
        <line num="15" type="stmt" count="14"/>
        <line num="17" type="method" name="propoe" visibility="public" complexity="4" crap="4" count="11"/>
        <line num="19" type="stmt" count="11"/>
        <line num="20" type="stmt" count="11"/>
        <line num="22" type="stmt" count="11"/>
        <line num="24" type="method" name="dobraLance" visibility="public" complexity="2" crap="2" count="2"/>
        <line num="26" type="stmt" count="2"/>
        <line num="27" type="stmt" count="2"/>
        <line num="28" type="stmt" count="1"/>
        <line num="30" type="stmt" count="2"/>
        <line num="38" type="method" name="ultimoLanceUsuario" visibility="private" complexity="3" crap="3" count="2"/>
        <line num="40" type="stmt" count="2"/>
        <line num="41" type="stmt" count="2"/>
        <line num="42" type="stmt" count="1"/>
        <line num="43" type="stmt" count="1"/>
        <line num="46" type="stmt" count="2"/>
        <line num="49" type="method" name="ultimoLanceDado" visibility="private" complexity="1" crap="1" count="9"/>
        <line num="51" type="stmt" count="9"/>
        <line num="54" type="method" name="isMesmoUsuario" visibility="private" complexity="1" crap="1" count="9"/>
        <line num="56" type="stmt" count="9"/>
        <line num="57" type="stmt" count="9"/>
        <line num="58" type="stmt" count="9"/>
        <line num="61" type="method" name="qtdLancesUsuario" visibility="public" complexity="3" crap="3" count="8"/>
        <line num="63" type="stmt" count="8"/>
        <line num="64" type="stmt" count="8"/>
        <line num="65" type="stmt" count="8"/>
        <line num="66" type="stmt" count="8"/>
        <line num="69" type="stmt" count="8"/>
        <line num="72" type="method" name="isLancesEmpty" visibility="public" complexity="2" crap="2" count="11"/>
        <line num="74" type="stmt" count="11"/>
        <line num="75" type="stmt" count="11"/>
        <line num="77" type="stmt" count="9"/>
        <line num="80" type="method" name="getDescricao" visibility="public" complexity="1" crap="2.00" count="0"/>
        <line num="82" type="stmt" count="0"/>
        <line num="85" type="method" name="getLances" visibility="public" complexity="1" crap="1" count="13"/>
        <line num="87" type="stmt" count="13"/>
        <metrics loc="89" ncloc="83" classes="1" methods="10" coveredmethods="9" conditionals="0" coveredconditionals="0" statements="29" coveredstatements="28" elements="39" coveredelements="37"/>
      </file>
      <file name="C:\xampp\htdocs\tdd_project\src\model/Usuario.php">
        <class name="App\Model\Usuario" namespace="App\Model">
          <metrics complexity="3" methods="3" coveredmethods="2" conditionals="0" coveredconditionals="0" statements="5" coveredstatements="4" elements="8" coveredelements="6"/>
        </class>
        <line num="11" type="method" name="__construct" complexity="1" crap="1" count="15"/>
        <line num="13" type="stmt" count="15"/>
        <line num="14" type="stmt" count="15"/>
        <line num="15" type="stmt" count="15"/>
        <line num="17" type="method" name="getId" visibility="public" complexity="1" crap="2.00" count="0"/>
        <line num="19" type="stmt" count="0"/>
        <line num="22" type="method" name="getNome" visibility="public" complexity="1" crap="1" count="9"/>
        <line num="24" type="stmt" count="9"/>
        <metrics loc="26" ncloc="26" classes="1" methods="3" coveredmethods="2" conditionals="0" coveredconditionals="0" statements="5" coveredstatements="4" elements="8" coveredelements="6"/>
      </file>
    </package>
    <metrics files="6" loc="268" ncloc="262" classes="6" methods="29" coveredmethods="26" conditionals="0" coveredconditionals="0" statements="75" coveredstatements="71" elements="104" coveredelements="97"/>
  </project>
</coverage>
